<?xml version="1.0" encoding="UTF-8"?>
<!-- Generated by org.testng.reporters.JUnitXMLReporter -->
<testsuite ignored="0" hostname="DESKTOP-HUF4NTE" failures="0" tests="3" name="StcTvTest" time="24.012" errors="0" timestamp="2023-03-29T22:00:58 EET">
  <testcase classname="stcTvTests.StcTvTest" name="stcTvTestCase" time="20.558"/>
  <testcase classname="stcTvTests.StcTvTest" name="stcTvTestCase" time="22.515"/>
  <testcase classname="stcTvTests.StcTvTest" name="stcTvTestCase" time="23.476"/>
</testsuite> <!-- StcTvTest -->
