<?xml version="1.0" encoding="UTF-8"?>
<testng-results ignored="0" total="3" passed="3" failed="0" skipped="0">
  <reporter-output>
  </reporter-output>
  <suite started-at="2023-03-29T22:00:34 EET" name="Suite" finished-at="2023-03-29T22:00:58 EET" duration-ms="24012">
    <groups>
    </groups>
    <test started-at="2023-03-29T22:00:34 EET" name="StcTvTest" finished-at="2023-03-29T22:00:58 EET" duration-ms="24012">
      <class name="stcTvTests.StcTvTest">
        <test-method signature="stcTvTestCase(java.lang.String,java.lang.String,java.lang.String,java.lang.String,java.lang.String)[pri:0, instance:stcTvTests.StcTvTest@32b260fa]" started-at="2023-03-29T22:00:35 EET" name="stcTvTestCase" data-provider="stcTvDataProvider" finished-at="2023-03-29T22:00:57 EET" duration-ms="22515" status="PASS">
          <params>
            <param index="0">
              <value>
                <![CDATA[Bahrain]]>
              </value>
            </param>
            <param index="1">
              <value>
                <![CDATA[2]]>
              </value>
            </param>
            <param index="2">
              <value>
                <![CDATA[3]]>
              </value>
            </param>
            <param index="3">
              <value>
                <![CDATA[6]]>
              </value>
            </param>
            <param index="4">
              <value>
                <![CDATA[BHD]]>
              </value>
            </param>
          </params>
          <reporter-output>
          </reporter-output>
        </test-method> <!-- stcTvTestCase -->
        <test-method signature="stcTvTestCase(java.lang.String,java.lang.String,java.lang.String,java.lang.String,java.lang.String)[pri:0, instance:stcTvTests.StcTvTest@32b260fa]" started-at="2023-03-29T22:00:35 EET" name="stcTvTestCase" data-provider="stcTvDataProvider" finished-at="2023-03-29T22:00:55 EET" duration-ms="20558" status="PASS">
          <params>
            <param index="0">
              <value>
                <![CDATA[KSA]]>
              </value>
            </param>
            <param index="1">
              <value>
                <![CDATA[15]]>
              </value>
            </param>
            <param index="2">
              <value>
                <![CDATA[25]]>
              </value>
            </param>
            <param index="3">
              <value>
                <![CDATA[60]]>
              </value>
            </param>
            <param index="4">
              <value>
                <![CDATA[SAR]]>
              </value>
            </param>
          </params>
          <reporter-output>
          </reporter-output>
        </test-method> <!-- stcTvTestCase -->
        <test-method signature="stcTvTestCase(java.lang.String,java.lang.String,java.lang.String,java.lang.String,java.lang.String)[pri:0, instance:stcTvTests.StcTvTest@32b260fa]" started-at="2023-03-29T22:00:35 EET" name="stcTvTestCase" data-provider="stcTvDataProvider" finished-at="2023-03-29T22:00:58 EET" duration-ms="23476" status="PASS">
          <params>
            <param index="0">
              <value>
                <![CDATA[Kuwait]]>
              </value>
            </param>
            <param index="1">
              <value>
                <![CDATA[1.2]]>
              </value>
            </param>
            <param index="2">
              <value>
                <![CDATA[2.5]]>
              </value>
            </param>
            <param index="3">
              <value>
                <![CDATA[4.8]]>
              </value>
            </param>
            <param index="4">
              <value>
                <![CDATA[KWD]]>
              </value>
            </param>
          </params>
          <reporter-output>
          </reporter-output>
        </test-method> <!-- stcTvTestCase -->
      </class> <!-- stcTvTests.StcTvTest -->
    </test> <!-- StcTvTest -->
  </suite> <!-- Suite -->
</testng-results>
